***********************************************
The rDock program is licensed under GNU-LGPLv3.0. http://rdock.sourceforge.net/
Executable:	rbcavity ($Id: //depot/dev/client3/rdock/2021.1/src/exe/rbcavity.cxx#3 $)
Library:	libRbt.so/2021.1/901 2021/07/19
RBT_ROOT:	utils/rDock_compiled
RBT_HOME:	/home/acomajuncosa
Current dir:	/aloy/home/acomajuncosa/PocketVec_v2/GitLab_repo/code
Date:		Thu Mar  9 10:18:57 2023
***********************************************

Command line arguments:
-r example/rDock_results/st_parameters.prm
-was
-d

MAPPER
CLASS	RbtLigandSiteMapper
ENABLED	TRUE
GRIDSTEP	0.5
MAX_CAVITIES	1
MIN_VOLUME	100
NAME	MAPPER
RADIUS	12.0
REF_MOL	example/CTR_0.sd
SMALL_SPHERE	1.0
TRACE	0
VOL_INCR	0


DOCKING SITE
Total volume 3439.5 A^3
Cavity #1	Size=27516 points; Vol=3439.5 A^3; Min=(23.5,43,38.5); Max=(47,64.5,61); Center=(34.8608,55.9292,48.4501); Extent=(23.5,21.5,22.5)

Cav = 27516; total = 27516
