***********************************************
The rDock program is licensed under GNU-LGPLv3.0. http://rdock.sourceforge.net/
Executable:	rbcavity ($Id: //depot/dev/client3/rdock/2021.1/src/exe/rbcavity.cxx#3 $)
Library:	libRbt.so/2021.1/901 2021/07/19
RBT_ROOT:	code/utils/rDock_compiled
RBT_HOME:	/home/acomajuncosa
Current dir:	/aloy/home/acomajuncosa/PocketVec_v2/GitLab_repo
Date:		Tue Mar 14 16:07:55 2023
***********************************************

Command line arguments:
-r results/run_pocketvec/st_parameters.prm
-was
-d

MAPPER
CLASS	RbtLigandSiteMapper
ENABLED	TRUE
GRIDSTEP	0.5
MAX_CAVITIES	1
MIN_VOLUME	100
NAME	MAPPER
RADIUS	13
REF_MOL	results/run_pocketvec/CTR_LIG.sd
SMALL_SPHERE	1.0
TRACE	0
VOL_INCR	0


DOCKING SITE
Total volume 3078.62 A^3
Cavity #1	Size=24629 points; Vol=3078.62 A^3; Min=(-13.5,-7,2); Max=(8.5,17,26); Center=(-1.73929,7.0784,11.9332); Extent=(22,24,24)

Cav = 24629; total = 24629
