***********************************************
The rDock program is licensed under GNU-LGPLv3.0. http://rdock.sourceforge.net/
Executable:	rbcavity ($Id: //depot/dev/client3/rdock/2021.1/src/exe/rbcavity.cxx#3 $)
Library:	libRbt.so/2021.1/901 2021/07/19
RBT_ROOT:	code/utils/rDock_compiled
RBT_HOME:	/home/acomajuncosa
Current dir:	/aloy/home/acomajuncosa/PocketVec_v2/GitLab_repo
Date:		Tue Mar 14 14:32:54 2023
***********************************************

Command line arguments:
-r examples/2_pocketvec/rDock_results/st_parameters.prm
-was
-d

MAPPER
CLASS	RbtLigandSiteMapper
ENABLED	TRUE
GRIDSTEP	0.5
MAX_CAVITIES	1
MIN_VOLUME	100
NAME	MAPPER
RADIUS	12.0
REF_MOL	examples/2_pocketvec/CTR_LIG.sd
SMALL_SPHERE	1.0
TRACE	0
VOL_INCR	0


DOCKING SITE
Total volume 2431.5 A^3
Cavity #1	Size=19452 points; Vol=2431.5 A^3; Min=(-12.5,-6.5,3); Max=(7.5,16,25); Center=(-2.20312,6.61909,11.9898); Extent=(20,22.5,22)

Cav = 19452; total = 19452
